2025-10-28T23:44:00.198Z [INFO]: # Build environment configured with Standard build compute type: 8GiB Memory, 4vCPUs, 128GB Disk Space
2025-10-28T23:44:00.615Z [INFO]: # Cloning repository: git@github.com:KevinSGarrett/07cares.git
2025-10-28T23:44:01.263Z [INFO]: 
2025-10-28T23:44:01.263Z [INFO]: Cloning into '07cares'...
2025-10-28T23:44:01.264Z [INFO]: # Checking for Git submodules at: /codebuild/output/src2926434050/src/07cares/.gitmodules
2025-10-28T23:44:01.272Z [INFO]: # Retrieving environment cache...
2025-10-28T23:44:01.322Z [WARNING]: ! Unable to write cache: {"code":"ERR_BAD_REQUEST","message":"Request failed with status code 404"})}
2025-10-28T23:44:01.323Z [INFO]: ---- Setting Up SSM Secrets ----
2025-10-28T23:44:01.323Z [INFO]: SSM params {"Path":"/amplify/d3ru1wmw4mnh7w/main/","WithDecryption":true}
2025-10-28T23:44:01.384Z [WARNING]: !Failed to set up process.env.secrets
2025-10-28T23:44:02.218Z [INFO]: # No package override configuration found.
2025-10-28T23:44:02.222Z [INFO]: # Retrieving cache...
2025-10-28T23:44:46.111Z [INFO]: # Extracting cache...
2025-10-28T23:45:31.460Z [INFO]: # Extraction completed
2025-10-28T23:45:31.832Z [INFO]: # Retrieved cache
2025-10-28T23:45:36.849Z [INFO]: ## Starting Backend Build
                                 ## Checking for associated backend environment...
                                 ## No backend environment association found, continuing...
                                 ## Completed Backend Build
2025-10-28T23:45:36.854Z [INFO]: {"backendDuration": 0}
                                 ## Starting Frontend Build
                                 # Starting phase: preBuild
                                 # Executing command: corepack enable
2025-10-28T23:45:38.820Z [INFO]: # Executing command: corepack prepare pnpm@latest --activate
2025-10-28T23:45:39.277Z [INFO]: Preparing pnpm@latest for immediate activation...
2025-10-28T23:45:39.767Z [INFO]: # Executing command: echo "Node version: $(node -v 2>/dev/null || true)"
2025-10-28T23:45:39.771Z [INFO]: Node version: v22.18.0
2025-10-28T23:45:39.771Z [INFO]: # Executing command: echo "NPM version:  $(npm -v  2>/dev/null || true)"
2025-10-28T23:45:43.139Z [INFO]: NPM version:  10.9.3
2025-10-28T23:45:43.144Z [INFO]: # Executing command: echo "pnpm version: $(pnpm -v 2>/dev/null || true)"
2025-10-28T23:45:43.830Z [INFO]: pnpm version: 10.20.0
2025-10-28T23:45:43.830Z [INFO]: # Executing command: [ -n "$NEXT_PUBLIC_CLERK_PUBLISHABLE_KEY" ] || { echo "Missing NEXT_PUBLIC_CLERK_PUBLISHABLE_KEY"; exit 1; }
                                 # Executing command: [ -n "$CLERK_SECRET_KEY" ] || { echo "Missing CLERK_SECRET_KEY"; exit 1; }
                                 # Executing command: [ -n "$STRIPE_SECRET_KEY" ] || { echo "Missing STRIPE_SECRET_KEY"; exit 1; }
                                 # Executing command: [ -n "$DATABASE_URL" ] || { echo "Missing DATABASE_URL"; exit 1; }
                                 # Executing command: pnpm config set ignore-scripts false
2025-10-28T23:45:44.133Z [INFO]: # Executing command: pnpm install
2025-10-28T23:45:44.600Z [INFO]: Recreating /codebuild/output/src2926434050/src/07cares/node_modules
2025-10-28T23:45:50.047Z [INFO]: Lockfile is up to date, resolution step is skipped
2025-10-28T23:45:50.100Z [INFO]: Progress: resolved 1, reused 0, downloaded 0, added 0
2025-10-28T23:45:50.174Z [INFO]: Packages: +627
                                 ++++++++++++++++++++++++++++++++++++++++++++++++++++++++++++++++++++++++++++++++
2025-10-28T23:45:51.101Z [INFO]: Progress: resolved 627, reused 0, downloaded 125, added 124
2025-10-28T23:45:52.109Z [INFO]: Progress: resolved 627, reused 0, downloaded 171, added 162
2025-10-28T23:45:53.110Z [INFO]: Progress: resolved 627, reused 0, downloaded 192, added 168
2025-10-28T23:45:54.110Z [INFO]: Progress: resolved 627, reused 0, downloaded 243, added 191
2025-10-28T23:45:55.110Z [INFO]: Progress: resolved 627, reused 0, downloaded 362, added 339
2025-10-28T23:45:56.111Z [INFO]: Progress: resolved 627, reused 0, downloaded 574, added 564
2025-10-28T23:45:56.438Z [INFO]: Progress: resolved 627, reused 0, downloaded 627, added 627, done
2025-10-28T23:45:56.869Z [INFO]: dependencies:
                                 + @aws-sdk/client-secrets-manager 3.919.0
                                 + @clerk/nextjs 6.34.0
                                 + @prisma/client 6.18.0
                                 + @t3-oss/env-nextjs 0.13.8
                                 + next 16.0.0
                                 + pusher 5.2.0
                                 + pusher-js 8.4.0
                                 + react 19.2.0
                                 + react-dom 19.2.0
                                 + stripe 19.1.0
                                 + typesense 2.1.0
                                 + zod 4.1.12
                                 devDependencies:
                                 + @playwright/test 1.56.1
                                 + @tailwindcss/postcss 4.1.16
                                 + @types/jsdom 27.0.0
                                 + @types/node 24.9.1
                                 + @types/react 19.2.2
                                 + @types/react-dom 19.2.2
                                 + @vitest/coverage-v8 2.1.9
                                 + autoprefixer 10.4.21
                                 + eslint 9.38.0
                                 + eslint-config-next 16.0.0
                                 + jsdom 27.0.1
                                 + postcss 8.5.6
                                 + prisma 6.18.0
                                 + tailwindcss 4.1.16
                                 + typescript 5.9.3
                                 + vitest 2.1.9
                                 ╭ Warning ─────────────────────────────────────────────────────────────────────╮
                                 │                                                                              │
                                 │   Ignored build scripts: @clerk/shared, @prisma/client, @prisma/engines,     │
                                 │   esbuild, prisma, sharp, unrs-resolver.                                     │
                                 │   Run "pnpm approve-builds" to pick which dependencies should be allowed     │
                                 │   to run scripts.                                                            │
                                 │                                                                              │
                                 ╰──────────────────────────────────────────────────────────────────────────────╯
2025-10-28T23:45:56.905Z [INFO]: Done in 12.7s using pnpm v10.20.0
2025-10-28T23:45:56.943Z [INFO]: # Executing command: pnpm dlx prisma generate
2025-10-28T23:45:59.008Z [WARNING]: Progress: resolved 1, reused 0, downloaded 0, added 0
2025-10-28T23:46:00.009Z [WARNING]: Progress: resolved 28, reused 0, downloaded 24, added 0
2025-10-28T23:46:00.611Z [WARNING]: Packages: +33
                                    +++++++++++++++++++++++++++++++++
2025-10-28T23:46:00.706Z [WARNING]: Progress: resolved 33, reused 0, downloaded 33, added 33, done
2025-10-28T23:46:00.736Z [WARNING]: .../prisma@6.18.0/node_modules/prisma preinstall$ node scripts/preinstall-entry.js
2025-10-28T23:46:00.965Z [WARNING]: .../prisma@6.18.0/node_modules/prisma preinstall: Done
2025-10-28T23:46:02.219Z [WARNING]: warn The configuration property `package.json#prisma` is deprecated and will be removed in Prisma 7. Please migrate to a Prisma config file (e.g., `prisma.config.ts`).
                                    For more information, see: https://pris.ly/prisma-config
2025-10-28T23:46:02.772Z [INFO]: Prisma schema loaded from prisma/schema.prisma
2025-10-28T23:46:02.983Z [INFO]: ✔ Generated Prisma Client (v6.18.0) to ./node_modules/.pnpm/@prisma+client@6.18.0_prisma@6.18.0_magicast@0.3.5_typescript@5.9.3__typescript@5.9.3/node_modules/@prisma/client in 64ms
                                 Start by importing your Prisma Client (See: https://pris.ly/d/importing-client)
                                 Tip: Need your database queries to be 1000x faster? Accelerate offers you that and more: https://pris.ly/tip-2-accelerate
2025-10-28T23:46:03.031Z [INFO]: # Completed phase: preBuild
                                 # Starting phase: build
                                 # Executing command: pnpm build
2025-10-28T23:46:03.343Z [INFO]: > 07cares@0.1.0 build /codebuild/output/src2926434050/src/07cares
                                 > next build
2025-10-28T23:46:03.954Z [INFO]: ▲ Next.js 16.0.0 (Turbopack)
2025-10-28T23:46:03.954Z [INFO]: 
2025-10-28T23:46:03.957Z [WARNING]: ⚠ The "middleware" file convention is deprecated. Please use "proxy" instead. Learn more: https://nextjs.org/docs/messages/middleware-to-proxy
2025-10-28T23:46:04.038Z [INFO]: Creating an optimized production build ...
2025-10-28T23:46:15.158Z [INFO]: ✓ Compiled successfully in 10.8s
2025-10-28T23:46:15.175Z [INFO]: Skipping validation of types
2025-10-28T23:46:15.355Z [INFO]: 
2025-10-28T23:46:15.355Z [INFO]: We detected TypeScript in your project and reconfigured your tsconfig.json file for you.
2025-10-28T23:46:15.356Z [INFO]: The following suggested values were added to your tsconfig.json. These values can be changed to fit your project's needs:
2025-10-28T23:46:15.356Z [INFO]: - include was updated to add '.next/dev/types/**/*.ts'
2025-10-28T23:46:15.356Z [INFO]: 
2025-10-28T23:46:15.375Z [INFO]: Collecting page data ...
2025-10-28T23:46:16.162Z [INFO]: Generating static pages (0/6) ...
2025-10-28T23:46:16.560Z [INFO]: Generating static pages (1/6)
2025-10-28T23:46:16.607Z [INFO]: Generating static pages (2/6)
2025-10-28T23:46:16.720Z [INFO]: Generating static pages (4/6)
2025-10-28T23:46:16.720Z [INFO]: ✓ Generating static pages (6/6) in 558.0ms
2025-10-28T23:46:16.734Z [INFO]: Finalizing page optimization ...
2025-10-28T23:46:16.923Z [INFO]: 
2025-10-28T23:46:16.925Z [INFO]: Route (app)
                                 ┌ ○ /
                                 ├ ○ /_not-found
                                 ├ ƒ /api/campaign/[slug]/debug
                                 ├ ƒ /api/cloudinary/sign
                                 ├ ƒ /api/db/ping
                                 ├ ƒ /api/dm/send
                                 ├ ƒ /api/donate/create-intent
                                 ├ ƒ /api/env
                                 ├ ƒ /api/health
                                 ├ ƒ /api/search/index-campaign
                                 ├ ƒ /api/stripe/connect/onboard
                                 ├ ƒ /api/stripe/webhook
                                 ├ ƒ /c/[slug]
                                 └ ƒ /portal
                                 ƒ Proxy (Middleware)
2025-10-28T23:46:16.925Z [INFO]: ○  (Static)   prerendered as static content
                                 ƒ  (Dynamic)  server-rendered on demand
2025-10-28T23:46:18.622Z [INFO]: # Completed phase: build
                                 ## Completed Frontend Build
2025-10-28T23:46:18.749Z [INFO]: ## Build completed successfully
2025-10-28T23:46:18.750Z [INFO]: # Starting caching...
2025-10-28T23:46:18.754Z [INFO]: # Creating cache artifact...
2025-10-28T23:46:56.572Z [INFO]: # Created cache artifact
2025-10-28T23:46:56.674Z [INFO]: # Uploading cache artifact...
2025-10-28T23:47:24.089Z [INFO]: # Uploaded cache artifact
2025-10-28T23:47:24.194Z [INFO]: # Caching completed
2025-10-28T23:47:55.369Z [INFO]: # Starting environment caching...
2025-10-28T23:47:55.464Z [INFO]: # Environment caching completed

